-------------------------------------------------------------------------------
Test set: com.gestionObras.GestionObrasApplicationTests
-------------------------------------------------------------------------------
<<<<<<< HEAD
Tests run: 1, Failures: 0, Errors: 0, Skipped: 0, Time elapsed: 10.086 s - in com.gestionObras.GestionObrasApplicationTests
=======
<<<<<<< HEAD
Tests run: 1, Failures: 0, Errors: 0, Skipped: 0, Time elapsed: 15.464 s - in com.gestionObras.GestionObrasApplicationTests
=======
Tests run: 1, Failures: 0, Errors: 0, Skipped: 0, Time elapsed: 13.306 s - in com.gestionObras.GestionObrasApplicationTests
>>>>>>> 1bae8229b8a1692188726e309da0f103fc3285b6
>>>>>>> bd773559af0543dd0aaa80eae8a5016454195c8c
